<?xml version="1.0" encoding="UTF-8"?>
<testsuite xmlns:xsi="http://www.w3.org/2001/XMLSchema-instance" xsi:noNamespaceSchemaLocation="https://maven.apache.org/surefire/maven-surefire-plugin/xsd/surefire-test-report.xsd" name="com.heros.HerosApplicationTests" time="16.016" tests="1" errors="0" skipped="0" failures="0">
  <properties>
    <property name="sun.desktop" value="windows"/>
    <property name="awt.toolkit" value="sun.awt.windows.WToolkit"/>
    <property name="java.specification.version" value="11"/>
    <property name="sun.cpu.isalist" value="amd64"/>
    <property name="sun.jnu.encoding" value="Cp1252"/>
    <property name="java.class.path" value="F:\Usuario\Desktop\Hero-api-angular\hero-api\target\test-classes;F:\Usuario\Desktop\Hero-api-angular\hero-api\target\classes;C:\DES\m2repo\org\springframework\boot\spring-boot-starter-data-jpa\2.1.5.RELEASE\spring-boot-starter-data-jpa-2.1.5.RELEASE.jar;C:\DES\m2repo\org\springframework\boot\spring-boot-starter-aop\2.1.5.RELEASE\spring-boot-starter-aop-2.1.5.RELEASE.jar;C:\DES\m2repo\org\springframework\spring-aop\5.1.7.RELEASE\spring-aop-5.1.7.RELEASE.jar;C:\DES\m2repo\org\aspectj\aspectjweaver\1.9.4\aspectjweaver-1.9.4.jar;C:\DES\m2repo\org\springframework\boot\spring-boot-starter-jdbc\2.1.5.RELEASE\spring-boot-starter-jdbc-2.1.5.RELEASE.jar;C:\DES\m2repo\com\zaxxer\HikariCP\3.2.0\HikariCP-3.2.0.jar;C:\DES\m2repo\org\springframework\spring-jdbc\5.1.7.RELEASE\spring-jdbc-5.1.7.RELEASE.jar;C:\DES\m2repo\javax\transaction\javax.transaction-api\1.3\javax.transaction-api-1.3.jar;C:\DES\m2repo\javax\xml\bind\jaxb-api\2.3.1\jaxb-api-2.3.1.jar;C:\DES\m2repo\javax\activation\javax.activation-api\1.2.0\javax.activation-api-1.2.0.jar;C:\DES\m2repo\org\hibernate\hibernate-core\5.3.10.Final\hibernate-core-5.3.10.Final.jar;C:\DES\m2repo\org\jboss\logging\jboss-logging\3.3.2.Final\jboss-logging-3.3.2.Final.jar;C:\DES\m2repo\javax\persistence\javax.persistence-api\2.2\javax.persistence-api-2.2.jar;C:\DES\m2repo\org\javassist\javassist\3.23.2-GA\javassist-3.23.2-GA.jar;C:\DES\m2repo\net\bytebuddy\byte-buddy\1.9.12\byte-buddy-1.9.12.jar;C:\DES\m2repo\antlr\antlr\2.7.7\antlr-2.7.7.jar;C:\DES\m2repo\org\jboss\jandex\2.0.5.Final\jandex-2.0.5.Final.jar;C:\DES\m2repo\com\fasterxml\classmate\1.4.0\classmate-1.4.0.jar;C:\DES\m2repo\org\dom4j\dom4j\2.1.1\dom4j-2.1.1.jar;C:\DES\m2repo\org\hibernate\common\hibernate-commons-annotations\5.0.4.Final\hibernate-commons-annotations-5.0.4.Final.jar;C:\DES\m2repo\org\springframework\data\spring-data-jpa\2.1.8.RELEASE\spring-data-jpa-2.1.8.RELEASE.jar;C:\DES\m2repo\org\springframework\data\spring-data-commons\2.1.8.RELEASE\spring-data-commons-2.1.8.RELEASE.jar;C:\DES\m2repo\org\springframework\spring-orm\5.1.7.RELEASE\spring-orm-5.1.7.RELEASE.jar;C:\DES\m2repo\org\springframework\spring-context\5.1.7.RELEASE\spring-context-5.1.7.RELEASE.jar;C:\DES\m2repo\org\springframework\spring-tx\5.1.7.RELEASE\spring-tx-5.1.7.RELEASE.jar;C:\DES\m2repo\org\springframework\spring-beans\5.1.7.RELEASE\spring-beans-5.1.7.RELEASE.jar;C:\DES\m2repo\org\slf4j\slf4j-api\1.7.26\slf4j-api-1.7.26.jar;C:\DES\m2repo\org\springframework\spring-aspects\5.1.7.RELEASE\spring-aspects-5.1.7.RELEASE.jar;C:\DES\m2repo\org\springframework\boot\spring-boot-starter-web\2.1.5.RELEASE\spring-boot-starter-web-2.1.5.RELEASE.jar;C:\DES\m2repo\org\springframework\boot\spring-boot-starter\2.1.5.RELEASE\spring-boot-starter-2.1.5.RELEASE.jar;C:\DES\m2repo\org\springframework\boot\spring-boot-starter-logging\2.1.5.RELEASE\spring-boot-starter-logging-2.1.5.RELEASE.jar;C:\DES\m2repo\ch\qos\logback\logback-classic\1.2.3\logback-classic-1.2.3.jar;C:\DES\m2repo\ch\qos\logback\logback-core\1.2.3\logback-core-1.2.3.jar;C:\DES\m2repo\org\apache\logging\log4j\log4j-to-slf4j\2.11.2\log4j-to-slf4j-2.11.2.jar;C:\DES\m2repo\org\apache\logging\log4j\log4j-api\2.11.2\log4j-api-2.11.2.jar;C:\DES\m2repo\org\slf4j\jul-to-slf4j\1.7.26\jul-to-slf4j-1.7.26.jar;C:\DES\m2repo\javax\annotation\javax.annotation-api\1.3.2\javax.annotation-api-1.3.2.jar;C:\DES\m2repo\org\yaml\snakeyaml\1.23\snakeyaml-1.23.jar;C:\DES\m2repo\org\springframework\boot\spring-boot-starter-json\2.1.5.RELEASE\spring-boot-starter-json-2.1.5.RELEASE.jar;C:\DES\m2repo\com\fasterxml\jackson\core\jackson-databind\2.9.8\jackson-databind-2.9.8.jar;C:\DES\m2repo\com\fasterxml\jackson\core\jackson-annotations\2.9.0\jackson-annotations-2.9.0.jar;C:\DES\m2repo\com\fasterxml\jackson\core\jackson-core\2.9.8\jackson-core-2.9.8.jar;C:\DES\m2repo\com\fasterxml\jackson\datatype\jackson-datatype-jdk8\2.9.8\jackson-datatype-jdk8-2.9.8.jar;C:\DES\m2repo\com\fasterxml\jackson\datatype\jackson-datatype-jsr310\2.9.8\jackson-datatype-jsr310-2.9.8.jar;C:\DES\m2repo\com\fasterxml\jackson\module\jackson-module-parameter-names\2.9.8\jackson-module-parameter-names-2.9.8.jar;C:\DES\m2repo\org\springframework\boot\spring-boot-starter-tomcat\2.1.5.RELEASE\spring-boot-starter-tomcat-2.1.5.RELEASE.jar;C:\DES\m2repo\org\apache\tomcat\embed\tomcat-embed-core\9.0.19\tomcat-embed-core-9.0.19.jar;C:\DES\m2repo\org\apache\tomcat\embed\tomcat-embed-el\9.0.19\tomcat-embed-el-9.0.19.jar;C:\DES\m2repo\org\apache\tomcat\embed\tomcat-embed-websocket\9.0.19\tomcat-embed-websocket-9.0.19.jar;C:\DES\m2repo\org\hibernate\validator\hibernate-validator\6.0.16.Final\hibernate-validator-6.0.16.Final.jar;C:\DES\m2repo\javax\validation\validation-api\2.0.1.Final\validation-api-2.0.1.Final.jar;C:\DES\m2repo\org\springframework\spring-web\5.1.7.RELEASE\spring-web-5.1.7.RELEASE.jar;C:\DES\m2repo\org\springframework\spring-webmvc\5.1.7.RELEASE\spring-webmvc-5.1.7.RELEASE.jar;C:\DES\m2repo\org\springframework\spring-expression\5.1.7.RELEASE\spring-expression-5.1.7.RELEASE.jar;C:\DES\m2repo\org\springframework\boot\spring-boot-devtools\2.1.5.RELEASE\spring-boot-devtools-2.1.5.RELEASE.jar;C:\DES\m2repo\org\springframework\boot\spring-boot\2.1.5.RELEASE\spring-boot-2.1.5.RELEASE.jar;C:\DES\m2repo\org\springframework\boot\spring-boot-autoconfigure\2.1.5.RELEASE\spring-boot-autoconfigure-2.1.5.RELEASE.jar;C:\DES\m2repo\com\h2database\h2\1.4.199\h2-1.4.199.jar;C:\DES\m2repo\org\postgresql\postgresql\42.2.5\postgresql-42.2.5.jar;C:\DES\m2repo\org\projectlombok\lombok\1.18.8\lombok-1.18.8.jar;C:\DES\m2repo\org\springframework\boot\spring-boot-starter-test\2.1.5.RELEASE\spring-boot-starter-test-2.1.5.RELEASE.jar;C:\DES\m2repo\org\springframework\boot\spring-boot-test\2.1.5.RELEASE\spring-boot-test-2.1.5.RELEASE.jar;C:\DES\m2repo\org\springframework\boot\spring-boot-test-autoconfigure\2.1.5.RELEASE\spring-boot-test-autoconfigure-2.1.5.RELEASE.jar;C:\DES\m2repo\com\jayway\jsonpath\json-path\2.4.0\json-path-2.4.0.jar;C:\DES\m2repo\net\minidev\json-smart\2.3\json-smart-2.3.jar;C:\DES\m2repo\net\minidev\accessors-smart\1.2\accessors-smart-1.2.jar;C:\DES\m2repo\org\ow2\asm\asm\5.0.4\asm-5.0.4.jar;C:\DES\m2repo\junit\junit\4.12\junit-4.12.jar;C:\DES\m2repo\org\assertj\assertj-core\3.11.1\assertj-core-3.11.1.jar;C:\DES\m2repo\org\mockito\mockito-core\2.23.4\mockito-core-2.23.4.jar;C:\DES\m2repo\net\bytebuddy\byte-buddy-agent\1.9.12\byte-buddy-agent-1.9.12.jar;C:\DES\m2repo\org\objenesis\objenesis\2.6\objenesis-2.6.jar;C:\DES\m2repo\org\hamcrest\hamcrest-core\1.3\hamcrest-core-1.3.jar;C:\DES\m2repo\org\hamcrest\hamcrest-library\1.3\hamcrest-library-1.3.jar;C:\DES\m2repo\org\skyscreamer\jsonassert\1.5.0\jsonassert-1.5.0.jar;C:\DES\m2repo\com\vaadin\external\google\android-json\0.0.20131108.vaadin1\android-json-0.0.20131108.vaadin1.jar;C:\DES\m2repo\org\springframework\spring-core\5.1.7.RELEASE\spring-core-5.1.7.RELEASE.jar;C:\DES\m2repo\org\springframework\spring-jcl\5.1.7.RELEASE\spring-jcl-5.1.7.RELEASE.jar;C:\DES\m2repo\org\springframework\spring-test\5.1.7.RELEASE\spring-test-5.1.7.RELEASE.jar;C:\DES\m2repo\org\xmlunit\xmlunit-core\2.6.2\xmlunit-core-2.6.2.jar;"/>
    <property name="java.vm.vendor" value="Oracle Corporation"/>
    <property name="sun.arch.data.model" value="64"/>
    <property name="user.variant" value=""/>
    <property name="java.vendor.url" value="http://java.oracle.com/"/>
    <property name="user.timezone" value="America/Buenos_Aires"/>
    <property name="java.vm.specification.version" value="11"/>
    <property name="os.name" value="Windows 10"/>
    <property name="user.country" value="AR"/>
    <property name="sun.java.launcher" value="SUN_STANDARD"/>
    <property name="sun.boot.library.path" value="C:\Program Files\Java\jdk-11.0.1\bin"/>
    <property name="sun.java.command" value="C:\Users\CONNEC~1\AppData\Local\Temp\surefire12582597273529758599\surefirebooter7952649208871791068.jar C:\Users\Connectis\AppData\Local\Temp\surefire12582597273529758599 2019-05-28T14-46-03_377-jvmRun1 surefire12209863561353252645tmp surefire_01890605513658889981tmp"/>
    <property name="jdk.debug" value="release"/>
    <property name="surefire.test.class.path" value="F:\Usuario\Desktop\Hero-api-angular\hero-api\target\test-classes;F:\Usuario\Desktop\Hero-api-angular\hero-api\target\classes;C:\DES\m2repo\org\springframework\boot\spring-boot-starter-data-jpa\2.1.5.RELEASE\spring-boot-starter-data-jpa-2.1.5.RELEASE.jar;C:\DES\m2repo\org\springframework\boot\spring-boot-starter-aop\2.1.5.RELEASE\spring-boot-starter-aop-2.1.5.RELEASE.jar;C:\DES\m2repo\org\springframework\spring-aop\5.1.7.RELEASE\spring-aop-5.1.7.RELEASE.jar;C:\DES\m2repo\org\aspectj\aspectjweaver\1.9.4\aspectjweaver-1.9.4.jar;C:\DES\m2repo\org\springframework\boot\spring-boot-starter-jdbc\2.1.5.RELEASE\spring-boot-starter-jdbc-2.1.5.RELEASE.jar;C:\DES\m2repo\com\zaxxer\HikariCP\3.2.0\HikariCP-3.2.0.jar;C:\DES\m2repo\org\springframework\spring-jdbc\5.1.7.RELEASE\spring-jdbc-5.1.7.RELEASE.jar;C:\DES\m2repo\javax\transaction\javax.transaction-api\1.3\javax.transaction-api-1.3.jar;C:\DES\m2repo\javax\xml\bind\jaxb-api\2.3.1\jaxb-api-2.3.1.jar;C:\DES\m2repo\javax\activation\javax.activation-api\1.2.0\javax.activation-api-1.2.0.jar;C:\DES\m2repo\org\hibernate\hibernate-core\5.3.10.Final\hibernate-core-5.3.10.Final.jar;C:\DES\m2repo\org\jboss\logging\jboss-logging\3.3.2.Final\jboss-logging-3.3.2.Final.jar;C:\DES\m2repo\javax\persistence\javax.persistence-api\2.2\javax.persistence-api-2.2.jar;C:\DES\m2repo\org\javassist\javassist\3.23.2-GA\javassist-3.23.2-GA.jar;C:\DES\m2repo\net\bytebuddy\byte-buddy\1.9.12\byte-buddy-1.9.12.jar;C:\DES\m2repo\antlr\antlr\2.7.7\antlr-2.7.7.jar;C:\DES\m2repo\org\jboss\jandex\2.0.5.Final\jandex-2.0.5.Final.jar;C:\DES\m2repo\com\fasterxml\classmate\1.4.0\classmate-1.4.0.jar;C:\DES\m2repo\org\dom4j\dom4j\2.1.1\dom4j-2.1.1.jar;C:\DES\m2repo\org\hibernate\common\hibernate-commons-annotations\5.0.4.Final\hibernate-commons-annotations-5.0.4.Final.jar;C:\DES\m2repo\org\springframework\data\spring-data-jpa\2.1.8.RELEASE\spring-data-jpa-2.1.8.RELEASE.jar;C:\DES\m2repo\org\springframework\data\spring-data-commons\2.1.8.RELEASE\spring-data-commons-2.1.8.RELEASE.jar;C:\DES\m2repo\org\springframework\spring-orm\5.1.7.RELEASE\spring-orm-5.1.7.RELEASE.jar;C:\DES\m2repo\org\springframework\spring-context\5.1.7.RELEASE\spring-context-5.1.7.RELEASE.jar;C:\DES\m2repo\org\springframework\spring-tx\5.1.7.RELEASE\spring-tx-5.1.7.RELEASE.jar;C:\DES\m2repo\org\springframework\spring-beans\5.1.7.RELEASE\spring-beans-5.1.7.RELEASE.jar;C:\DES\m2repo\org\slf4j\slf4j-api\1.7.26\slf4j-api-1.7.26.jar;C:\DES\m2repo\org\springframework\spring-aspects\5.1.7.RELEASE\spring-aspects-5.1.7.RELEASE.jar;C:\DES\m2repo\org\springframework\boot\spring-boot-starter-web\2.1.5.RELEASE\spring-boot-starter-web-2.1.5.RELEASE.jar;C:\DES\m2repo\org\springframework\boot\spring-boot-starter\2.1.5.RELEASE\spring-boot-starter-2.1.5.RELEASE.jar;C:\DES\m2repo\org\springframework\boot\spring-boot-starter-logging\2.1.5.RELEASE\spring-boot-starter-logging-2.1.5.RELEASE.jar;C:\DES\m2repo\ch\qos\logback\logback-classic\1.2.3\logback-classic-1.2.3.jar;C:\DES\m2repo\ch\qos\logback\logback-core\1.2.3\logback-core-1.2.3.jar;C:\DES\m2repo\org\apache\logging\log4j\log4j-to-slf4j\2.11.2\log4j-to-slf4j-2.11.2.jar;C:\DES\m2repo\org\apache\logging\log4j\log4j-api\2.11.2\log4j-api-2.11.2.jar;C:\DES\m2repo\org\slf4j\jul-to-slf4j\1.7.26\jul-to-slf4j-1.7.26.jar;C:\DES\m2repo\javax\annotation\javax.annotation-api\1.3.2\javax.annotation-api-1.3.2.jar;C:\DES\m2repo\org\yaml\snakeyaml\1.23\snakeyaml-1.23.jar;C:\DES\m2repo\org\springframework\boot\spring-boot-starter-json\2.1.5.RELEASE\spring-boot-starter-json-2.1.5.RELEASE.jar;C:\DES\m2repo\com\fasterxml\jackson\core\jackson-databind\2.9.8\jackson-databind-2.9.8.jar;C:\DES\m2repo\com\fasterxml\jackson\core\jackson-annotations\2.9.0\jackson-annotations-2.9.0.jar;C:\DES\m2repo\com\fasterxml\jackson\core\jackson-core\2.9.8\jackson-core-2.9.8.jar;C:\DES\m2repo\com\fasterxml\jackson\datatype\jackson-datatype-jdk8\2.9.8\jackson-datatype-jdk8-2.9.8.jar;C:\DES\m2repo\com\fasterxml\jackson\datatype\jackson-datatype-jsr310\2.9.8\jackson-datatype-jsr310-2.9.8.jar;C:\DES\m2repo\com\fasterxml\jackson\module\jackson-module-parameter-names\2.9.8\jackson-module-parameter-names-2.9.8.jar;C:\DES\m2repo\org\springframework\boot\spring-boot-starter-tomcat\2.1.5.RELEASE\spring-boot-starter-tomcat-2.1.5.RELEASE.jar;C:\DES\m2repo\org\apache\tomcat\embed\tomcat-embed-core\9.0.19\tomcat-embed-core-9.0.19.jar;C:\DES\m2repo\org\apache\tomcat\embed\tomcat-embed-el\9.0.19\tomcat-embed-el-9.0.19.jar;C:\DES\m2repo\org\apache\tomcat\embed\tomcat-embed-websocket\9.0.19\tomcat-embed-websocket-9.0.19.jar;C:\DES\m2repo\org\hibernate\validator\hibernate-validator\6.0.16.Final\hibernate-validator-6.0.16.Final.jar;C:\DES\m2repo\javax\validation\validation-api\2.0.1.Final\validation-api-2.0.1.Final.jar;C:\DES\m2repo\org\springframework\spring-web\5.1.7.RELEASE\spring-web-5.1.7.RELEASE.jar;C:\DES\m2repo\org\springframework\spring-webmvc\5.1.7.RELEASE\spring-webmvc-5.1.7.RELEASE.jar;C:\DES\m2repo\org\springframework\spring-expression\5.1.7.RELEASE\spring-expression-5.1.7.RELEASE.jar;C:\DES\m2repo\org\springframework\boot\spring-boot-devtools\2.1.5.RELEASE\spring-boot-devtools-2.1.5.RELEASE.jar;C:\DES\m2repo\org\springframework\boot\spring-boot\2.1.5.RELEASE\spring-boot-2.1.5.RELEASE.jar;C:\DES\m2repo\org\springframework\boot\spring-boot-autoconfigure\2.1.5.RELEASE\spring-boot-autoconfigure-2.1.5.RELEASE.jar;C:\DES\m2repo\com\h2database\h2\1.4.199\h2-1.4.199.jar;C:\DES\m2repo\org\postgresql\postgresql\42.2.5\postgresql-42.2.5.jar;C:\DES\m2repo\org\projectlombok\lombok\1.18.8\lombok-1.18.8.jar;C:\DES\m2repo\org\springframework\boot\spring-boot-starter-test\2.1.5.RELEASE\spring-boot-starter-test-2.1.5.RELEASE.jar;C:\DES\m2repo\org\springframework\boot\spring-boot-test\2.1.5.RELEASE\spring-boot-test-2.1.5.RELEASE.jar;C:\DES\m2repo\org\springframework\boot\spring-boot-test-autoconfigure\2.1.5.RELEASE\spring-boot-test-autoconfigure-2.1.5.RELEASE.jar;C:\DES\m2repo\com\jayway\jsonpath\json-path\2.4.0\json-path-2.4.0.jar;C:\DES\m2repo\net\minidev\json-smart\2.3\json-smart-2.3.jar;C:\DES\m2repo\net\minidev\accessors-smart\1.2\accessors-smart-1.2.jar;C:\DES\m2repo\org\ow2\asm\asm\5.0.4\asm-5.0.4.jar;C:\DES\m2repo\junit\junit\4.12\junit-4.12.jar;C:\DES\m2repo\org\assertj\assertj-core\3.11.1\assertj-core-3.11.1.jar;C:\DES\m2repo\org\mockito\mockito-core\2.23.4\mockito-core-2.23.4.jar;C:\DES\m2repo\net\bytebuddy\byte-buddy-agent\1.9.12\byte-buddy-agent-1.9.12.jar;C:\DES\m2repo\org\objenesis\objenesis\2.6\objenesis-2.6.jar;C:\DES\m2repo\org\hamcrest\hamcrest-core\1.3\hamcrest-core-1.3.jar;C:\DES\m2repo\org\hamcrest\hamcrest-library\1.3\hamcrest-library-1.3.jar;C:\DES\m2repo\org\skyscreamer\jsonassert\1.5.0\jsonassert-1.5.0.jar;C:\DES\m2repo\com\vaadin\external\google\android-json\0.0.20131108.vaadin1\android-json-0.0.20131108.vaadin1.jar;C:\DES\m2repo\org\springframework\spring-core\5.1.7.RELEASE\spring-core-5.1.7.RELEASE.jar;C:\DES\m2repo\org\springframework\spring-jcl\5.1.7.RELEASE\spring-jcl-5.1.7.RELEASE.jar;C:\DES\m2repo\org\springframework\spring-test\5.1.7.RELEASE\spring-test-5.1.7.RELEASE.jar;C:\DES\m2repo\org\xmlunit\xmlunit-core\2.6.2\xmlunit-core-2.6.2.jar;"/>
    <property name="sun.cpu.endian" value="little"/>
    <property name="user.home" value="C:\Users\Connectis"/>
    <property name="user.language" value="es"/>
    <property name="java.specification.vendor" value="Oracle Corporation"/>
    <property name="java.version.date" value="2018-10-16"/>
    <property name="java.home" value="C:\Program Files\Java\jdk-11.0.1"/>
    <property name="file.separator" value="\"/>
    <property name="basedir" value="F:\Usuario\Desktop\Hero-api-angular\hero-api"/>
    <property name="java.vm.compressedOopsMode" value="32-bit"/>
    <property name="line.separator" value="&#10;"/>
    <property name="java.specification.name" value="Java Platform API Specification"/>
    <property name="java.vm.specification.vendor" value="Oracle Corporation"/>
    <property name="java.awt.graphicsenv" value="sun.awt.Win32GraphicsEnvironment"/>
    <property name="surefire.real.class.path" value="C:\Users\CONNEC~1\AppData\Local\Temp\surefire12582597273529758599\surefirebooter7952649208871791068.jar"/>
    <property name="user.script" value=""/>
    <property name="sun.management.compiler" value="HotSpot 64-Bit Tiered Compilers"/>
    <property name="java.runtime.version" value="11.0.1+13-LTS"/>
    <property name="user.name" value="Connectis"/>
    <property name="path.separator" value=";"/>
    <property name="os.version" value="10.0"/>
    <property name="java.runtime.name" value="Java(TM) SE Runtime Environment"/>
    <property name="file.encoding" value="UTF-8"/>
    <property name="java.vm.name" value="Java HotSpot(TM) 64-Bit Server VM"/>
    <property name="java.vendor.version" value="18.9"/>
    <property name="maven.ext.class.path" value="C:\netbeans\java\maven-nblib\netbeans-eventspy.jar"/>
    <property name="localRepository" value="C:\DES\m2repo"/>
    <property name="java.vendor.url.bug" value="http://bugreport.java.com/bugreport/"/>
    <property name="java.io.tmpdir" value="C:\Users\CONNEC~1\AppData\Local\Temp\"/>
    <property name="java.version" value="11.0.1"/>
    <property name="user.dir" value="F:\Usuario\Desktop\Hero-api-angular\hero-api"/>
    <property name="os.arch" value="amd64"/>
    <property name="java.vm.specification.name" value="Java Virtual Machine Specification"/>
    <property name="java.awt.printerjob" value="sun.awt.windows.WPrinterJob"/>
    <property name="sun.os.patch.level" value=""/>
    <property name="java.library.path" value="C:\Program Files\Java\jdk-11.0.1\bin;C:\WINDOWS\Sun\Java\bin;C:\WINDOWS\system32;C:\WINDOWS;C:\Program Files (x86)\Common Files\Oracle\Java\javapath;C:\ProgramData\Oracle\Java\javapath;C:\Program Files (x86)\Intel\iCLS Client\;C:\Program Files\Intel\iCLS Client\;C:\WINDOWS\system32;C:\WINDOWS;C:\WINDOWS\System32\Wbem;C:\WINDOWS\System32\WindowsPowerShell\v1.0\;C:\Program Files (x86)\Intel\Intel(R) Management Engine Components\DAL;C:\Program Files\Intel\Intel(R) Management Engine Components\DAL;C:\Program Files (x86)\Intel\Intel(R) Management Engine Components\IPT;C:\Program Files\Intel\Intel(R) Management Engine Components\IPT;F:\Usuario\apache-maven-3.3.9\bin;C:\Program Files\Java\jdk1.8.0_101\bin;C:\Program Files (x86)\Skype\Phone\;C:\Program Files\Git\cmd;C:\WINDOWS\System32\OpenSSH\;c:\Program Files (x86)\Microsoft SQL Server\110\Tools\Binn\ManagementStudio\;c:\Program Files (x86)\Microsoft SQL Server\110\Tools\Binn\;c:\Program Files (x86)\Microsoft SQL Server\110\DTS\Binn\;C:\Program Files\nodejs\;C:\Users\Connectis\AppData\Local\Microsoft\WindowsApps;C:\Users\Connectis\AppData\Local\Microsoft\WindowsApps;C:\maven\bin;C:\Users\Connectis\AppData\Roaming\npm;C:\Users\Connectis\AppData\Local\Programs\Microsoft VS Code\bin;."/>
    <property name="java.vendor" value="Oracle Corporation"/>
    <property name="java.vm.info" value="mixed mode"/>
    <property name="java.vm.version" value="11.0.1+13-LTS"/>
    <property name="sun.io.unicode.encoding" value="UnicodeLittle"/>
    <property name="java.class.version" value="55.0"/>
  </properties>
  <testcase name="contextLoads" classname="com.heros.HerosApplicationTests" time="2.235"/>
</testsuite>